

Version:	3.12
CmdLine:	D:\ProgramingData\Java程式(自我選寫)\巴哈圖串下載器\executable\Baha-Image-Downloader.exe --l4j-debug
WOW64:		yes
Working dir:	D:\ProgramingData\Java程式(自我選寫)\巴哈圖串下載器\executable\.
Java min ver:	1.007.000
Java max ver:	1.009.000
Bundled JRE:	C:\jdk-13.0.2
Check launcher:	C:\jdk-13.0.2\bin\javaw.exe (OK)
Launcher:	C:\jdk-13.0.2\bin\javaw.exe
Launcher args:	-jar "D:\ProgramingData\Java程式(自我選寫)\巴哈圖串下載器\executable\Baha-Image-Downloader.exe"
Args length:	95/32768 chars
Exit code:	0


Version:	3.12
CmdLine:	D:\ProgramingData\Java程式(自我選寫)\巴哈圖串下載器\executable\Baha-Image-Downloader.exe --l4j-debug
WOW64:		yes
Working dir:	D:\ProgramingData\Java程式(自我選寫)\巴哈圖串下載器\executable\.
Java min ver:	1.007.000
Java max ver:	1.009.000
Bundled JRE:	C:\jdk-13.0.2
Check launcher:	C:\jdk-13.0.2\bin\javaw.exe (OK)
Launcher:	C:\jdk-13.0.2\bin\javaw.exe
Launcher args:	-jar "D:\ProgramingData\Java程式(自我選寫)\巴哈圖串下載器\executable\Baha-Image-Downloader.exe"
Args length:	95/32768 chars
Exit code:	0
